d:\visual studio projects\ngiv\ngiv\release\ngiv.pdb
d:\visual studio projects\ngiv\ngiv\release\manager.obj
d:\visual studio projects\ngiv\ngiv\release\glslprogram.obj
d:\visual studio projects\ngiv\ngiv\release\textureloader.obj
d:\visual studio projects\ngiv\ngiv\release\ngiv.obj
d:\visual studio projects\ngiv\ngiv\release\camera.obj
d:\visual studio projects\ngiv\ngiv\release\model.obj
d:\visual studio projects\ngiv\ngiv\release\mesh.obj
d:\visual studio projects\ngiv\ngiv\release\window.obj
d:\visual studio projects\ngiv\ngiv\release\inputmanager.obj
d:\visual studio projects\ngiv\ngiv\release\iscreen.obj
d:\visual studio projects\ngiv\ngiv\release\renderer_text.obj
d:\visual studio projects\ngiv\ngiv\release\camera3d.obj
d:\visual studio projects\ngiv\ngiv\release\camera2d.obj
d:\visual studio projects\ngiv\ngiv\release\renderer_2d.obj
d:\visual studio projects\ngiv\ngiv\release\ngui.obj
d:\visual studio projects\ngiv\ngiv\release\renderer_3d.obj
d:\visual studio projects\ngiv\ngiv\release\glad.obj
d:\visual studio projects\ngiv\release\ngiv.lib
d:\visual studio projects\ngiv\ngiv\release\init.obj
d:\visual studio projects\ngiv\ngiv\release\ngierror.obj
d:\visual studio projects\ngiv\ngiv\release\ngiv_renderer.obj
d:\visual studio projects\ngiv\ngiv\release\t.obj
d:\visual studio projects\ngiv\ngiv\release\ngiv.tlog\cl.command.1.tlog
d:\visual studio projects\ngiv\ngiv\release\ngiv.tlog\cl.read.1.tlog
d:\visual studio projects\ngiv\ngiv\release\ngiv.tlog\cl.write.1.tlog
d:\visual studio projects\ngiv\ngiv\release\ngiv.tlog\lib-link.read.1.tlog
d:\visual studio projects\ngiv\ngiv\release\ngiv.tlog\lib-link.write.1.tlog
d:\visual studio projects\ngiv\ngiv\release\ngiv.tlog\lib.command.1.tlog
