  Renderer_3D.cpp
d:\visual studio projects\ngiv\ngiv\OBJ.h(26): warning C4018: '<': signed/unsigned mismatch
Renderer_3D.cpp(140): warning C4018: '<': signed/unsigned mismatch
Renderer_3D.cpp(141): warning C4018: '<': signed/unsigned mismatch
Renderer_3D.cpp(154): warning C4244: 'initializing': conversion from 'double' to 'float', possible loss of data
Renderer_3D.cpp(155): warning C4244: 'initializing': conversion from 'double' to 'float', possible loss of data
Renderer_3D.cpp(492): warning C4018: '<': signed/unsigned mismatch
Renderer_3D.cpp(521): warning C4018: '<': signed/unsigned mismatch
Renderer_3D.cpp(529): warning C4018: '<': signed/unsigned mismatch
Renderer_3D.cpp(530): warning C4018: '<': signed/unsigned mismatch
Renderer_3D.cpp(540): warning C4018: '<': signed/unsigned mismatch
Renderer_3D.cpp(554): warning C4018: '<': signed/unsigned mismatch
Renderer_3D.cpp(600): warning C4018: '<': signed/unsigned mismatch
Renderer_3D.cpp(613): warning C4244: 'argument': conversion from 'double' to 'float', possible loss of data
Renderer_3D.cpp(654): warning C4018: '<': signed/unsigned mismatch
Renderer_3D.cpp(680): warning C4018: '<': signed/unsigned mismatch
Renderer_3D.cpp(712): warning C4018: '<': signed/unsigned mismatch
Renderer_3D.cpp(727): warning C4018: '<': signed/unsigned mismatch
Renderer_3D.cpp(767): warning C4018: '<': signed/unsigned mismatch
Renderer_3D.cpp(786): warning C4018: '<': signed/unsigned mismatch
D:\Visual Studio\VC\Tools\MSVC\14.11.25503\include\utility(216): warning C4244: 'initializing': conversion from 'unsigned int' to 'float', possible loss of data
  Renderer_3D.cpp(132): note: see reference to function template instantiation 'std::pair<float,float>::pair<unsigned int,unsigned int,void,0>(std::pair<unsigned int,unsigned int> &&) noexcept' being compiled
  Renderer_3D.cpp(132): note: see reference to function template instantiation 'std::pair<float,float>::pair<unsigned int,unsigned int,void,0>(std::pair<unsigned int,unsigned int> &&) noexcept' being compiled
SDL2.lib(SDL2.dll) : warning LNK4006: __NULL_IMPORT_DESCRIPTOR already defined in opengl32.lib(OPENGL32.dll); second definition ignored
SDL2_mixer.lib(SDL2_mixer.dll) : warning LNK4006: __NULL_IMPORT_DESCRIPTOR already defined in opengl32.lib(OPENGL32.dll); second definition ignored
assimp.lib(assimp-vc140-mt.dll) : warning LNK4006: __NULL_IMPORT_DESCRIPTOR already defined in opengl32.lib(OPENGL32.dll); second definition ignored
assimp.lib(assimp-vc140-mt.dll) : warning LNK4006: "public: unsigned int __thiscall aiMaterial::GetTextureCount(enum aiTextureType)const " (?GetTextureCount@aiMaterial@@QBEIW4aiTextureType@@@Z) already defined in assimp.lib(assimp-vc140-mt.dll); second definition ignored
assimp.lib(assimp-vc140-mt.dll) : warning LNK4006: "public: enum aiReturn __thiscall aiMaterial::GetTexture(enum aiTextureType,unsigned int,struct aiString *,enum aiTextureMapping *,unsigned int *,float *,enum aiTextureOp *,enum aiTextureMapMode *)const " (?GetTexture@aiMaterial@@QBE?AW4aiReturn@@W4aiTextureType@@IPAUaiString@@PAW4aiTextureMapping@@PAIPAMPAW4aiTextureOp@@PAW4aiTextureMapMode@@@Z) already defined in assimp.lib(assimp-vc140-mt.dll); second definition ignored
assimp.lib(assimp-vc140-mt.dll) : warning LNK4006: "public: struct aiScene const * __thiscall Assimp::Importer::ReadFile(class std::basic_string<char,struct std::char_traits<char>,class std::allocator<char> > const &,unsigned int)" (?ReadFile@Importer@Assimp@@QAEPBUaiScene@@ABV?$basic_string@DU?$char_traits@D@std@@V?$allocator@D@2@@std@@I@Z) already defined in assimp.lib(assimp-vc140-mt.dll); second definition ignored
  ngiv.vcxproj -> D:\Visual Studio Projects\NGIV\Release\ngiv.lib
